2026-04-10 16:40:07 +08:00: [WS] WebSocket server initialized on /ws
2026-04-10 16:40:07 +08:00: [Server] HTTP server running on http://localhost:3001
2026-04-10 16:40:07 +08:00: [Server] Mode: PRODUCTION
2026-04-10 16:40:07 +08:00: [Server] WebSocket: ws://localhost:3001/ws
2026-04-10 16:40:07 +08:00: [Server] Antom callback: https://minishopify.xyz/register/notification (via Nginx reverse proxy)
2026-04-10 17:54:21 +08:00: [WS] WebSocket server initialized on /ws
2026-04-10 17:54:21 +08:00: [Server] HTTP server running on http://localhost:3001
2026-04-10 17:54:21 +08:00: [Server] Mode: PRODUCTION
2026-04-10 17:54:21 +08:00: [Server] WebSocket: ws://localhost:3001/ws
2026-04-10 17:54:21 +08:00: [Server] Antom callback: https://minishopify.xyz/register/notification (via Nginx reverse proxy)
2026-04-13 16:29:10 +08:00: [WS] WebSocket server initialized on /ws
2026-04-13 16:29:10 +08:00: [Server] HTTP server running on http://localhost:3001
2026-04-13 16:29:10 +08:00: [Server] Mode: PRODUCTION
2026-04-13 16:29:10 +08:00: [Server] WebSocket: ws://localhost:3001/ws
2026-04-13 16:29:10 +08:00: [Server] Antom callback: https://minishopify.xyz/api/notify/register (via Nginx reverse proxy)
2026-04-13 16:31:11 +08:00: [WS] WebSocket server initialized on /ws
2026-04-13 16:31:11 +08:00: [Server] HTTP server running on http://localhost:3001
2026-04-13 16:31:11 +08:00: [Server] Mode: PRODUCTION
2026-04-13 16:31:11 +08:00: [Server] WebSocket: ws://localhost:3001/ws
2026-04-13 16:31:11 +08:00: [Server] Antom callback: https://minishopify.xyz/api/notify/register (via Nginx reverse proxy)
2026-04-13 16:44:33 +08:00: [WS] WebSocket server initialized on /ws
2026-04-13 16:44:33 +08:00: [Server] HTTP server running on http://localhost:3001
2026-04-13 16:44:33 +08:00: [Server] Mode: PRODUCTION
2026-04-13 16:44:33 +08:00: [Server] WebSocket: ws://localhost:3001/ws
2026-04-13 16:44:33 +08:00: [Server] Antom callback: https://minishopify.xyz/api/notify/register (via Nginx reverse proxy)
2026-04-13 17:06:00 +08:00: [WS] WebSocket server initialized on /ws
2026-04-13 17:06:00 +08:00: [Server] HTTP server running on http://localhost:3001
2026-04-13 17:06:00 +08:00: [Server] Mode: PRODUCTION
2026-04-13 17:06:00 +08:00: [Server] WebSocket: ws://localhost:3001/ws
2026-04-13 17:06:00 +08:00: [Server] Antom callback: https://minishopify.xyz/api/notify/register (via Nginx reverse proxy)
2026-04-13 17:17:01 +08:00: [WS] WebSocket server initialized on /ws
2026-04-13 17:17:01 +08:00: [Server] HTTP server running on http://localhost:3001
2026-04-13 17:17:01 +08:00: [Server] Mode: PRODUCTION
2026-04-13 17:17:01 +08:00: [Server] WebSocket: ws://localhost:3001/ws
2026-04-13 17:17:01 +08:00: [Server] Antom callback: https://minishopify.xyz/api/notify/register (via Nginx reverse proxy)
